{"E:\\PAVITHRA\\typescript\\backends\\src\\app.ts": {"path":"E:\\PAVITHRA\\typescript\\backends\\src\\app.ts","statementMap":{"0":{"start":{"line":64,"column":9},"end":{"line":64,"column":16}},"1":{"start":{"line":64,"column":18},"end":{"line":64,"column":26}},"2":{"start":{"line":64,"column":28},"end":{"line":64,"column":41}},"3":{"start":{"line":64,"column":58},"end":{"line":64,"column":71}},"4":{"start":{"line":64,"column":73},"end":{"line":64,"column":86}},"5":{"start":{"line":1,"column":0},"end":{"line":1,"column":26}},"6":{"start":{"line":24,"column":16},"end":{"line":24,"column":52}},"7":{"start":{"line":27,"column":21},"end":{"line":27,"column":87}},"8":{"start":{"line":28,"column":4},"end":{"line":28,"column":25}},"9":{"start":{"line":32,"column":21},"end":{"line":32,"column":84}},"10":{"start":{"line":33,"column":4},"end":{"line":33,"column":25}},"11":{"start":{"line":38,"column":21},"end":{"line":38,"column":69}},"12":{"start":{"line":39,"column":4},"end":{"line":39,"column":25}},"13":{"start":{"line":44,"column":21},"end":{"line":44,"column":66}},"14":{"start":{"line":45,"column":4},"end":{"line":45,"column":25}},"15":{"start":{"line":48,"column":22},"end":{"line":51,"column":2}},"16":{"start":{"line":48,"column":61},"end":{"line":51,"column":2}},"17":{"start":{"line":49,"column":21},"end":{"line":49,"column":61}},"18":{"start":{"line":50,"column":4},"end":{"line":50,"column":25}},"19":{"start":{"line":64,"column":43},"end":{"line":64,"column":56}},"20":{"start":{"line":55,"column":21},"end":{"line":55,"column":67}},"21":{"start":{"line":56,"column":4},"end":{"line":60,"column":6}}},"fnMap":{"0":{"name":"getdata","decl":{"start":{"line":26,"column":15},"end":{"line":26,"column":22}},"loc":{"start":{"line":26,"column":41},"end":{"line":29,"column":null}}},"1":{"name":"getdatas","decl":{"start":{"line":31,"column":15},"end":{"line":31,"column":23}},"loc":{"start":{"line":31,"column":39},"end":{"line":34,"column":null}}},"2":{"name":"updateProduct","decl":{"start":{"line":37,"column":15},"end":{"line":37,"column":28}},"loc":{"start":{"line":37,"column":58},"end":{"line":41,"column":null}}},"3":{"name":"deleteProduct","decl":{"start":{"line":43,"column":15},"end":{"line":43,"column":28}},"loc":{"start":{"line":43,"column":39},"end":{"line":46,"column":null}}},"4":{"name":"(anonymous_16)","decl":{"start":{"line":48,"column":22},"end":{"line":48,"column":29}},"loc":{"start":{"line":48,"column":61},"end":{"line":51,"column":2}}},"5":{"name":"(anonymous_17)","decl":{"start":{"line":48,"column":61},"end":{"line":48,"column":null}},"loc":{"start":{"line":48,"column":61},"end":{"line":51,"column":1}}},"6":{"name":"createProduct","decl":{"start":{"line":54,"column":15},"end":{"line":54,"column":28}},"loc":{"start":{"line":54,"column":49},"end":{"line":61,"column":null}}}},"branchMap":{},"s":{"0":2,"1":2,"2":2,"3":2,"4":2,"5":2,"6":2,"7":2,"8":2,"9":3,"10":3,"11":1,"12":1,"13":1,"14":1,"15":2,"16":1,"17":1,"18":1,"19":2,"20":1,"21":1},"f":{"0":2,"1":3,"2":1,"3":1,"4":1,"5":1,"6":1},"b":{}}
}
